SF:lib\data\game_data.dart
DA:17,4
DA:31,1
DA:32,1
DA:33,1
DA:34,1
DA:35,1
DA:36,1
DA:37,2
DA:38,1
DA:39,1
DA:40,2
DA:44,2
DA:46,3
DA:47,3
DA:49,0
DA:56,1
DA:57,1
DA:58,1
DA:61,3
DA:63,0
DA:71,1
DA:73,1
DA:74,2
DA:75,4
DA:78,1
DA:79,3
DA:82,0
DA:87,1
DA:88,1
DA:89,1
DA:90,1
DA:91,1
DA:92,1
DA:93,3
DA:95,1
DA:101,0
DA:102,0
DA:103,0
DA:104,0
DA:105,0
DA:106,0
DA:108,0
LF:42
LH:32
end_of_record
SF:lib\authentication\auth_gate.dart
DA:13,3
DA:14,3
DA:15,3
DA:16,6
DA:19,1
DA:21,1
DA:22,1
DA:23,1
DA:24,1
DA:25,1
DA:26,1
DA:28,0
DA:32,3
DA:34,3
DA:35,3
DA:36,1
DA:39,3
DA:40,3
DA:41,3
DA:42,6
DA:46,2
DA:47,3
DA:48,1
DA:49,3
DA:55,2
DA:57,4
DA:58,2
DA:60,2
LF:28
LH:27
end_of_record
SF:lib\authentication\fix_account.dart
DA:8,2
DA:10,2
DA:11,2
DA:25,0
DA:28,0
DA:32,0
DA:33,0
DA:34,0
DA:41,0
DA:42,0
DA:43,0
DA:44,0
DA:45,0
DA:46,0
DA:49,0
DA:50,0
DA:51,0
DA:56,0
DA:57,0
DA:58,0
DA:62,0
DA:63,0
DA:64,0
DA:65,0
DA:67,0
DA:68,0
DA:74,0
DA:75,0
DA:76,0
DA:78,0
DA:82,0
DA:87,0
DA:88,0
DA:92,0
DA:93,0
DA:98,0
DA:99,0
DA:100,0
DA:101,0
DA:103,0
DA:104,0
DA:108,0
DA:109,0
DA:110,0
DA:111,0
DA:115,0
DA:116,0
DA:121,2
DA:123,2
DA:124,2
DA:128,2
DA:129,2
DA:131,2
DA:133,2
DA:134,2
DA:136,2
DA:139,2
DA:140,2
DA:147,2
DA:148,2
DA:155,2
DA:156,2
DA:157,2
DA:158,2
DA:159,2
DA:160,2
DA:165,2
DA:166,2
DA:168,0
DA:174,2
DA:175,2
DA:182,2
DA:183,2
DA:191,2
DA:192,2
DA:194,6
DA:195,2
DA:197,2
DA:199,2
DA:200,0
DA:201,0
DA:202,0
DA:207,2
DA:208,4
DA:212,2
DA:213,2
DA:214,0
DA:215,0
DA:217,2
DA:219,6
LF:90
LH:40
end_of_record
SF:lib\developer\developer_home.dart
DA:8,2
DA:10,2
DA:11,2
DA:22,2
DA:24,2
DA:27,6
DA:28,6
DA:29,6
DA:33,1
DA:34,2
DA:35,2
DA:39,2
DA:41,2
DA:42,2
DA:44,2
DA:46,2
DA:48,1
DA:49,1
DA:51,1
DA:52,2
DA:60,2
DA:62,2
DA:64,2
DA:65,6
DA:69,2
DA:70,4
DA:71,2
LF:27
LH:27
end_of_record
SF:lib\services\auth_service.dart
DA:6,2
DA:7,0
DA:9,9
DA:10,0
DA:12,3
DA:13,12
DA:15,3
DA:17,3
DA:22,6
DA:23,12
DA:25,1
DA:27,6
DA:31,1
DA:33,2
DA:34,1
DA:36,1
DA:37,2
DA:41,1
DA:43,2
DA:44,1
DA:45,1
DA:49,1
DA:51,2
DA:52,1
DA:53,1
DA:56,1
DA:57,0
DA:61,2
DA:66,1
DA:67,2
DA:68,1
DA:69,1
DA:73,1
DA:76,2
DA:77,1
DA:78,0
DA:82,0
DA:84,0
DA:85,0
DA:87,1
DA:90,2
DA:95,2
DA:97,4
DA:101,1
DA:102,1
DA:103,1
DA:104,3
DA:106,0
DA:110,1
DA:112,2
DA:113,1
DA:114,3
DA:119,1
DA:121,2
DA:122,1
DA:125,1
DA:126,1
DA:130,2
DA:131,2
DA:133,1
DA:134,1
DA:135,2
DA:136,1
DA:137,3
DA:144,1
DA:146,1
DA:147,1
DA:148,1
DA:150,1
DA:151,1
DA:153,1
DA:154,1
DA:156,1
DA:157,1
DA:159,1
DA:160,1
DA:161,1
DA:163,1
DA:164,1
LF:79
LH:71
end_of_record
SF:lib\services\data_service.dart
DA:14,1
DA:15,2
DA:16,2
DA:17,2
DA:20,0
DA:22,0
DA:24,0
DA:25,0
DA:27,0
DA:28,0
DA:30,0
DA:31,0
DA:32,0
DA:33,0
DA:34,0
DA:39,0
DA:42,0
DA:43,0
DA:45,0
DA:46,0
DA:51,0
DA:53,0
DA:56,0
DA:57,0
DA:60,0
DA:61,0
DA:62,0
DA:63,0
DA:65,0
DA:69,0
DA:70,0
DA:74,1
DA:76,2
DA:78,0
DA:79,0
DA:83,0
DA:84,0
DA:85,0
DA:89,0
DA:95,0
DA:97,0
DA:99,0
DA:103,0
DA:104,0
DA:105,0
DA:108,0
DA:114,0
DA:117,0
DA:118,0
DA:121,0
DA:122,0
DA:124,0
DA:125,0
DA:126,0
DA:127,0
DA:128,0
DA:134,0
DA:135,0
DA:140,0
DA:141,0
DA:142,0
DA:143,0
DA:144,0
DA:147,0
DA:150,0
DA:151,0
DA:155,0
DA:157,0
DA:158,0
DA:159,0
DA:161,0
DA:166,0
DA:176,0
DA:177,0
DA:178,0
DA:179,0
DA:181,0
LF:77
LH:6
end_of_record
SF:lib\student\student_home.dart
DA:8,2
DA:10,2
DA:11,2
DA:22,2
DA:24,2
DA:26,6
DA:27,6
DA:28,6
DA:33,1
DA:34,2
DA:35,2
DA:39,2
DA:41,2
DA:42,2
DA:44,2
DA:46,2
DA:48,1
DA:49,1
DA:51,1
DA:52,2
DA:60,2
DA:62,2
DA:64,2
DA:65,6
DA:69,2
DA:70,4
DA:71,2
LF:27
LH:27
end_of_record
SF:lib\teacher\teacher_home.dart
DA:8,2
DA:10,2
DA:11,2
DA:23,2
DA:25,2
DA:28,6
DA:29,6
DA:30,4
DA:34,1
DA:35,2
DA:36,2
DA:40,2
DA:42,2
DA:43,2
DA:45,2
DA:47,2
DA:49,1
DA:50,1
DA:52,1
DA:53,2
DA:61,2
DA:63,2
DA:64,2
DA:65,6
DA:69,2
DA:70,4
DA:71,2
LF:27
LH:27
end_of_record
SF:lib\data\user_data.dart
DA:11,9
DA:23,1
DA:24,1
DA:25,1
DA:26,1
DA:27,1
DA:28,1
DA:29,1
DA:30,2
DA:31,2
DA:32,1
DA:37,1
DA:38,1
DA:39,1
DA:40,1
DA:41,1
DA:42,1
DA:43,1
DA:44,3
DA:45,2
DA:46,1
DA:51,1
DA:61,1
DA:62,1
DA:63,0
DA:64,1
DA:65,1
DA:66,0
DA:67,1
DA:68,1
DA:69,1
LF:31
LH:29
end_of_record
SF:lib\authentication\login_screen.dart
DA:6,4
DA:8,3
DA:9,3
DA:17,1
DA:18,2
DA:19,1
DA:22,3
DA:23,3
DA:25,2
DA:26,3
DA:32,2
DA:33,1
DA:38,1
DA:39,3
DA:44,2
DA:45,2
DA:47,1
DA:48,3
DA:52,0
DA:53,0
DA:54,0
DA:55,0
DA:59,2
DA:60,1
DA:65,3
DA:67,3
DA:68,3
DA:73,3
DA:74,3
DA:76,3
DA:78,3
DA:79,3
DA:81,3
DA:90,3
DA:91,3
DA:99,3
DA:100,3
DA:108,3
DA:109,6
DA:110,3
DA:115,3
DA:116,3
DA:117,1
DA:118,2
DA:120,3
DA:122,3
DA:123,6
DA:129,3
DA:130,3
DA:131,0
DA:132,0
DA:134,3
DA:136,3
DA:137,6
LF:54
LH:48
end_of_record
SF:lib\developer\my_games.dart
DA:4,2
DA:6,2
DA:7,2
DA:8,2
DA:10,2
LF:5
LH:5
end_of_record
SF:lib\developer\new_game.dart
DA:4,1
DA:6,1
DA:7,1
DA:8,1
DA:10,1
LF:5
LH:5
end_of_record
SF:lib\main_pages\games_page.dart
DA:9,24
DA:11,6
DA:12,6
DA:21,6
DA:23,6
DA:24,6
DA:27,6
DA:29,12
DA:31,6
DA:32,1
DA:33,2
DA:34,1
DA:37,10
DA:41,6
DA:42,13
DA:43,2
DA:44,1
DA:45,1
DA:46,2
DA:47,1
DA:51,5
DA:52,3
DA:53,4
DA:56,6
DA:59,1
DA:61,1
DA:62,2
DA:63,2
DA:65,1
DA:66,1
DA:68,2
DA:69,2
DA:70,1
DA:71,2
DA:76,0
DA:77,0
DA:78,0
DA:79,0
DA:85,6
DA:87,6
DA:89,6
DA:90,6
DA:91,6
DA:92,6
DA:93,1
DA:94,2
DA:95,2
DA:103,6
DA:104,6
DA:105,6
DA:107,6
DA:109,6
DA:110,6
DA:111,6
DA:112,6
DA:114,6
DA:115,18
DA:117,6
DA:119,6
DA:120,1
DA:121,2
DA:122,1
DA:126,6
DA:127,6
DA:128,6
DA:130,6
DA:131,18
DA:133,6
DA:135,6
DA:136,1
DA:137,2
DA:138,1
DA:145,6
DA:146,6
DA:147,6
DA:149,12
DA:150,0
DA:151,12
DA:153,0
DA:159,6
DA:160,1
DA:162,1
DA:168,1
DA:169,1
DA:170,1
DA:171,1
DA:172,1
DA:173,1
DA:174,2
DA:175,1
DA:176,1
LF:91
LH:85
end_of_record
SF:lib\main_pages\profile_screen.dart
DA:10,5
DA:12,5
DA:13,5
DA:20,5
DA:22,5
DA:23,5
DA:27,5
DA:28,10
DA:29,10
DA:30,10
DA:33,1
DA:34,1
DA:35,3
DA:38,10
DA:39,5
DA:40,5
DA:42,5
DA:47,1
DA:49,1
DA:50,1
DA:51,1
DA:52,1
DA:53,1
DA:55,1
DA:57,1
DA:59,1
DA:66,1
DA:67,1
DA:68,1
DA:69,2
DA:70,2
DA:82,1
DA:84,2
DA:85,2
DA:87,1
DA:88,1
DA:89,1
DA:92,3
DA:94,1
DA:96,1
DA:97,3
DA:100,0
DA:105,1
DA:106,1
DA:107,1
DA:108,1
DA:109,1
DA:113,1
DA:114,1
DA:115,3
DA:118,1
DA:119,3
DA:127,1
DA:128,1
DA:133,1
DA:134,2
DA:135,2
DA:138,1
DA:141,1
DA:142,1
DA:143,3
DA:148,1
DA:149,1
DA:150,1
DA:151,1
DA:152,1
DA:153,1
DA:154,1
DA:155,1
DA:156,1
DA:157,0
DA:158,0
DA:168,5
DA:170,5
DA:173,5
DA:174,5
DA:176,5
DA:178,0
DA:179,0
DA:182,5
DA:183,5
DA:185,1
DA:186,5
DA:191,5
DA:192,5
DA:193,5
DA:195,5
DA:196,5
DA:197,5
DA:198,15
DA:199,0
DA:200,0
DA:203,5
DA:204,15
DA:208,5
DA:209,10
DA:214,5
DA:215,10
DA:220,5
DA:221,10
DA:226,5
DA:227,70
DA:231,5
DA:232,15
DA:236,5
DA:237,5
DA:242,5
DA:243,5
LF:108
LH:101
end_of_record
SF:lib\games_templates\bin.dart
DA:9,1
DA:11,1
DA:12,1
DA:50,1
DA:52,1
DA:53,2
DA:56,1
DA:57,4
DA:60,1
DA:61,2
DA:62,4
DA:63,5
DA:64,1
DA:65,6
DA:67,1
DA:68,1
DA:70,2
DA:72,2
DA:74,3
DA:75,4
DA:76,2
DA:80,3
DA:81,2
DA:82,1
DA:85,1
DA:86,0
DA:87,0
DA:88,0
DA:89,0
DA:90,0
DA:91,0
DA:92,0
DA:93,0
DA:94,0
DA:95,0
DA:97,0
DA:98,0
DA:99,0
DA:101,0
DA:110,1
DA:112,1
DA:113,5
DA:114,1
DA:115,1
DA:116,0
DA:117,0
DA:119,0
DA:123,1
DA:124,1
DA:126,6
DA:127,6
DA:128,7
DA:129,7
DA:130,7
DA:132,1
DA:133,1
DA:134,1
DA:135,1
DA:136,1
DA:137,1
DA:138,1
DA:140,1
DA:141,1
DA:143,1
DA:145,1
DA:146,1
DA:147,1
DA:151,1
DA:153,1
DA:154,1
DA:158,1
DA:160,1
DA:161,1
DA:162,1
DA:165,1
DA:167,1
DA:171,4
DA:172,1
DA:174,2
DA:175,1
DA:177,2
DA:179,2
DA:181,1
DA:188,1
DA:189,0
DA:190,0
DA:191,0
DA:192,0
DA:193,0
DA:206,1
DA:207,1
DA:208,0
DA:209,0
DA:212,0
DA:213,0
DA:215,0
DA:216,0
DA:217,0
DA:219,2
DA:220,3
LF:100
LH:71
end_of_record
SF:lib\games_templates\results_page.dart
DA:15,3
DA:27,3
DA:29,3
DA:30,3
DA:31,9
DA:32,3
DA:33,3
DA:34,0
DA:35,0
DA:37,0
DA:42,3
DA:43,3
DA:45,3
DA:47,3
DA:48,6
DA:52,9
DA:54,9
DA:56,21
DA:58,3
DA:59,3
DA:60,3
DA:73,3
DA:74,15
DA:75,6
DA:76,6
DA:78,3
DA:80,3
DA:83,3
DA:84,3
DA:94,0
DA:101,3
DA:102,2
DA:103,2
DA:105,8
DA:108,3
DA:110,6
DA:118,3
DA:119,2
DA:120,2
DA:122,6
DA:125,3
DA:127,6
LF:42
LH:38
end_of_record
SF:lib\games_templates\games_initial_screen.dart
DA:12,2
DA:17,0
DA:19,0
DA:20,0
DA:22,0
DA:23,0
DA:27,2
DA:29,2
DA:31,2
DA:32,8
DA:33,2
DA:34,2
DA:35,2
DA:37,2
DA:39,2
DA:40,6
DA:41,2
DA:42,2
DA:43,4
DA:44,2
DA:46,2
DA:47,2
DA:48,0
DA:49,0
DA:51,0
DA:52,0
DA:53,0
DA:57,0
DA:58,0
DA:59,0
DA:60,0
DA:64,0
DA:65,0
DA:66,0
DA:68,0
DA:69,0
DA:73,0
DA:74,0
DA:75,0
DA:77,0
DA:78,0
DA:83,0
DA:84,0
DA:85,0
DA:91,2
DA:93,4
DA:94,2
DA:95,2
DA:96,4
DA:100,2
DA:101,2
DA:103,2
DA:105,2
DA:106,2
DA:107,2
DA:108,2
DA:118,2
DA:119,2
DA:121,2
DA:122,4
DA:123,2
DA:128,2
DA:129,2
DA:130,2
DA:131,2
DA:141,2
DA:142,2
DA:144,2
DA:145,4
DA:146,2
LF:70
LH:43
end_of_record
SF:lib\games_templates\quiz.dart
DA:9,1
DA:11,1
DA:12,1
DA:33,1
DA:35,1
DA:36,6
DA:37,0
DA:40,4
DA:41,4
DA:42,5
DA:43,4
DA:44,2
DA:45,0
DA:46,0
DA:47,0
DA:48,0
DA:49,0
DA:50,0
DA:51,0
DA:52,0
DA:53,0
DA:54,0
DA:63,1
DA:64,2
DA:65,1
DA:66,2
DA:67,1
DA:71,1
DA:72,2
DA:73,2
DA:74,4
DA:75,3
DA:76,5
DA:77,2
DA:79,2
DA:80,4
DA:81,1
DA:82,1
DA:85,1
DA:86,1
DA:87,2
DA:89,1
DA:90,1
DA:91,1
DA:92,2
DA:93,1
DA:94,1
DA:95,1
DA:96,3
DA:97,3
DA:98,1
DA:100,0
DA:108,1
DA:109,2
DA:110,1
DA:111,4
DA:112,5
DA:113,1
DA:114,7
DA:118,2
DA:119,1
DA:123,1
DA:125,1
DA:126,5
DA:127,1
DA:128,1
DA:129,1
DA:131,1
DA:132,1
DA:137,1
DA:138,1
DA:139,1
DA:140,1
DA:143,1
DA:145,4
DA:147,1
DA:148,3
DA:153,1
DA:154,1
DA:155,1
DA:157,2
DA:173,1
DA:174,1
DA:175,1
DA:177,1
DA:178,4
DA:180,3
DA:182,1
DA:184,2
DA:185,1
DA:187,2
DA:191,1
DA:193,1
DA:194,3
DA:196,3
DA:200,1
DA:202,1
DA:203,3
DA:205,3
DA:212,1
DA:213,3
DA:215,1
DA:216,1
DA:217,2
DA:219,1
DA:221,1
DA:222,1
DA:223,1
DA:224,1
DA:226,1
DA:227,1
DA:229,1
DA:231,1
DA:240,1
DA:242,1
DA:243,1
LF:116
LH:104
end_of_record
SF:lib\main_pages\edit_profile_screen.dart
DA:12,2
DA:17,2
DA:18,2
DA:31,2
DA:33,2
DA:34,10
DA:35,10
DA:36,10
DA:37,6
DA:38,2
DA:41,4
DA:42,8
DA:43,8
DA:45,6
DA:46,6
DA:47,6
DA:48,6
DA:51,1
DA:52,1
DA:53,2
DA:54,1
DA:59,2
DA:61,4
DA:62,4
DA:63,4
DA:64,4
DA:65,2
DA:68,1
DA:71,2
DA:75,2
DA:76,0
DA:77,0
DA:84,1
DA:85,1
DA:86,1
DA:87,1
DA:88,1
DA:89,1
DA:92,2
DA:93,2
DA:94,1
DA:95,1
DA:100,1
DA:109,2
DA:110,2
DA:111,1
DA:114,0
DA:118,2
DA:120,1
DA:121,2
DA:123,0
DA:124,0
DA:127,2
DA:128,1
DA:130,2
DA:133,2
DA:135,1
DA:136,1
DA:139,0
DA:140,0
DA:144,1
DA:148,1
DA:153,1
DA:158,2
DA:159,1
DA:162,1
DA:163,3
DA:168,2
DA:169,2
DA:170,2
DA:171,2
DA:172,1
DA:173,5
DA:176,0
DA:177,0
DA:181,1
DA:182,1
DA:183,1
DA:184,1
DA:185,1
DA:186,1
DA:187,1
DA:188,1
DA:189,1
DA:190,0
DA:191,0
DA:202,1
DA:204,1
DA:205,1
DA:206,1
DA:207,1
DA:208,1
DA:210,1
DA:212,1
DA:214,1
DA:221,1
DA:222,1
DA:223,0
DA:224,0
DA:225,0
DA:236,0
DA:237,0
DA:238,0
DA:239,0
DA:240,0
DA:241,0
DA:245,0
DA:246,0
DA:247,0
DA:250,0
DA:251,0
DA:262,2
DA:264,2
DA:265,2
DA:266,0
DA:267,0
DA:268,0
DA:269,0
DA:270,0
DA:274,2
DA:275,2
DA:277,2
DA:279,0
DA:280,0
DA:284,2
DA:285,2
DA:287,2
DA:289,2
DA:290,2
DA:291,2
DA:292,2
DA:296,2
DA:297,2
DA:301,2
DA:302,2
DA:306,2
DA:307,2
DA:312,2
DA:313,2
DA:314,2
DA:315,2
DA:316,2
DA:321,2
DA:322,22
DA:328,2
DA:329,2
DA:331,6
DA:332,2
DA:334,2
DA:336,2
DA:337,1
DA:339,2
DA:340,1
DA:341,1
DA:347,2
DA:348,1
DA:349,1
DA:350,3
DA:351,3
DA:352,3
DA:353,1
DA:354,1
DA:355,3
DA:356,3
LF:164
LH:132
end_of_record
SF:lib\main_pages\widgets\game_card.dart
DA:11,2
DA:20,2
DA:22,2
DA:24,2
DA:25,6
DA:26,8
DA:27,2
DA:28,2
DA:30,2
DA:31,2
DA:32,2
DA:33,2
DA:34,2
DA:35,2
DA:38,2
DA:42,2
DA:44,2
DA:45,2
DA:46,4
DA:47,2
DA:48,2
DA:53,2
DA:55,2
DA:58,2
DA:59,2
DA:60,2
DA:61,2
DA:70,2
DA:71,2
DA:72,2
DA:73,10
DA:74,8
DA:76,6
DA:77,0
DA:78,0
DA:81,2
DA:82,2
LF:37
LH:35
end_of_record
SF:lib\main_pages\main_page.dart
DA:4,3
DA:6,3
DA:7,3
DA:8,3
DA:10,3
LF:5
LH:5
end_of_record
SF:lib\services\user_cache_service.dart
DA:6,0
DA:8,0
DA:9,0
DA:11,0
DA:12,0
DA:14,0
DA:15,0
DA:19,0
DA:21,0
DA:27,1
DA:29,1
DA:30,0
DA:31,0
DA:33,0
DA:36,0
DA:37,0
DA:39,0
DA:43,0
DA:46,0
DA:49,0
DA:50,0
DA:51,0
DA:52,0
DA:53,0
DA:54,0
DA:55,0
DA:56,0
DA:57,0
DA:58,0
DA:59,0
DA:62,0
DA:69,0
DA:71,0
DA:72,0
DA:74,0
DA:77,0
DA:78,0
DA:80,0
DA:82,0
DA:86,0
DA:88,0
DA:92,0
DA:94,0
DA:97,0
DA:99,0
DA:100,0
DA:102,0
DA:104,0
DA:105,0
DA:108,0
DA:113,0
DA:115,0
DA:116,0
DA:118,0
DA:119,0
DA:120,0
DA:123,0
DA:124,0
DA:127,0
DA:128,0
LF:60
LH:2
end_of_record
SF:lib\main_pages\statistics_page.dart
DA:4,1
DA:6,1
DA:7,1
DA:8,1
DA:10,1
LF:5
LH:5
end_of_record
SF:lib\main_pages\widgets\tag.dart
DA:6,2
DA:8,2
DA:10,2
DA:11,4
LF:4
LH:4
end_of_record
SF:lib\services\firestore_service.dart
DA:9,2
DA:10,0
DA:12,1
DA:14,3
DA:15,3
DA:16,1
DA:17,1
DA:18,1
DA:19,1
DA:20,3
DA:21,1
DA:23,1
DA:25,0
DA:30,1
DA:32,4
DA:34,1
DA:35,0
DA:36,0
DA:39,1
DA:40,1
DA:41,1
DA:43,1
DA:44,2
DA:45,2
DA:47,1
DA:48,1
DA:49,2
DA:50,1
DA:52,3
DA:53,1
DA:54,1
DA:55,1
DA:56,1
DA:57,2
DA:58,1
DA:60,1
DA:62,0
DA:63,0
DA:66,2
DA:67,1
DA:70,0
DA:71,0
DA:75,1
DA:76,3
DA:77,1
DA:79,1
DA:81,2
DA:82,1
DA:83,3
DA:86,1
DA:87,1
DA:90,2
DA:91,2
DA:94,2
DA:99,1
DA:101,4
DA:103,1
DA:104,2
DA:107,1
DA:109,1
DA:110,1
DA:115,1
DA:117,0
DA:118,0
DA:120,0
DA:121,0
DA:124,0
DA:125,0
DA:128,0
DA:133,3
DA:134,1
DA:135,0
DA:138,0
DA:141,1
DA:142,1
DA:143,1
DA:144,1
DA:145,1
DA:146,2
DA:148,1
DA:154,3
DA:159,1
DA:161,4
DA:163,1
DA:164,2
DA:167,1
DA:169,1
DA:172,1
DA:173,1
DA:174,0
DA:175,0
DA:177,0
DA:180,1
DA:182,1
DA:183,1
DA:184,1
DA:185,1
DA:186,1
DA:188,3
DA:191,3
DA:196,1
DA:198,4
DA:199,1
DA:200,1
DA:202,0
DA:207,1
DA:217,1
DA:218,1
DA:220,5
DA:226,1
DA:229,1
DA:231,1
DA:232,1
DA:236,0
DA:238,0
DA:239,0
DA:241,0
LF:117
LH:92
end_of_record
SF:lib\services\game_cache_service.dart
DA:7,0
DA:8,0
DA:9,0
DA:11,0
DA:12,0
DA:13,0
DA:16,0
DA:18,0
DA:21,0
DA:22,0
DA:23,0
DA:24,0
DA:26,0
DA:28,0
DA:33,0
DA:34,0
DA:35,0
DA:36,0
DA:39,0
DA:44,0
DA:45,0
DA:46,0
DA:48,0
DA:49,0
DA:50,0
DA:53,0
DA:54,0
DA:55,0
DA:60,0
DA:61,0
DA:63,0
DA:69,0
DA:71,0
DA:72,0
DA:74,0
DA:75,0
LF:36
LH:0
end_of_record
SF:lib\student\student_stats.dart
DA:10,3
DA:12,2
DA:13,2
DA:19,2
DA:21,2
DA:22,2
DA:25,2
DA:27,4
DA:28,4
DA:30,2
DA:31,2
DA:33,1
DA:34,2
DA:35,1
DA:38,1
DA:41,1
DA:42,3
DA:43,3
DA:46,2
DA:50,1
DA:52,2
DA:55,1
DA:57,1
DA:58,1
DA:59,1
DA:60,1
DA:61,2
DA:68,0
DA:69,0
DA:70,0
DA:76,2
DA:78,2
DA:79,2
DA:80,2
DA:82,2
DA:84,2
DA:92,2
DA:93,2
DA:94,2
DA:96,4
DA:97,0
DA:98,4
DA:100,0
DA:105,4
DA:106,1
DA:108,1
DA:114,2
DA:115,1
DA:116,2
DA:117,1
DA:118,1
DA:119,1
DA:120,2
DA:121,1
DA:122,1
LF:55
LH:50
end_of_record
SF:lib\authentication\signup_screen.dart
DA:8,3
DA:10,3
DA:11,3
DA:27,1
DA:28,1
DA:29,1
DA:30,1
DA:31,1
DA:32,1
DA:35,2
DA:36,2
DA:37,1
DA:42,1
DA:45,2
DA:49,2
DA:50,0
DA:51,0
DA:58,1
DA:59,2
DA:60,1
DA:64,3
DA:65,3
DA:66,3
DA:67,3
DA:68,3
DA:69,3
DA:71,3
DA:72,4
DA:73,3
DA:79,1
DA:80,0
DA:86,2
DA:87,1
DA:89,1
DA:94,0
DA:97,1
DA:98,2
DA:99,1
DA:104,1
DA:105,2
DA:109,1
DA:110,3
DA:115,2
DA:116,2
DA:117,2
DA:118,2
DA:119,2
DA:121,1
DA:122,3
DA:126,0
DA:127,0
DA:128,0
DA:129,0
DA:133,2
DA:134,1
DA:139,3
DA:141,6
DA:142,6
DA:143,6
DA:144,6
DA:145,6
DA:146,3
DA:149,3
DA:151,3
DA:152,3
DA:157,3
DA:158,3
DA:160,3
DA:162,3
DA:163,3
DA:165,3
DA:168,3
DA:169,3
DA:176,3
DA:177,3
DA:178,3
DA:179,3
DA:180,3
DA:181,3
DA:186,3
DA:187,3
DA:189,11
DA:195,3
DA:196,3
DA:203,3
DA:204,3
DA:212,3
DA:213,3
DA:221,3
DA:222,3
DA:230,3
DA:231,3
DA:233,9
DA:234,3
DA:236,3
DA:238,3
DA:239,1
DA:240,2
DA:241,1
DA:246,3
DA:247,6
DA:251,3
DA:252,3
DA:253,1
DA:254,2
DA:256,3
DA:258,9
LF:107
LH:99
end_of_record
SF:lib\main.dart
DA:16,0
DA:17,0
DA:18,0
DA:20,0
DA:21,0
DA:23,0
DA:24,0
DA:25,0
DA:26,0
DA:27,0
DA:28,0
DA:29,0
DA:30,0
DA:32,0
DA:38,1
DA:40,1
DA:42,1
DA:44,1
DA:45,3
DA:48,1
DA:49,1
DA:52,1
DA:53,1
DA:54,0
DA:55,0
DA:56,0
DA:57,0
DA:58,0
LF:28
LH:9
end_of_record
SF:lib\authentication\reset_password_screen.dart
DA:6,0
DA:8,0
DA:9,0
DA:16,0
DA:17,0
DA:18,0
DA:21,0
DA:23,0
DA:24,0
DA:30,0
DA:31,0
DA:33,0
DA:34,0
DA:39,0
DA:41,0
DA:42,0
DA:45,0
DA:46,0
DA:47,0
DA:48,0
DA:52,0
DA:53,0
DA:58,0
DA:60,0
DA:61,0
DA:65,0
DA:67,0
DA:69,0
DA:77,0
DA:78,0
DA:86,0
DA:87,0
DA:88,0
LF:33
LH:0
end_of_record
SF:lib\firebase_options.dart
DA:18,0
DA:22,0
DA:23,0
DA:25,0
DA:26,0
DA:30,0
DA:31,0
DA:35,0
DA:36,0
DA:40,0
DA:41,0
DA:46,0
LF:12
LH:0
end_of_record
